1
111272
0
10000
10000
ADI-AAYADRDT.tif
ADI-AAYFAWPV.tif
ADI-ACDKEVAF.tif
ADI-ACLIMVGG.tif
ADI-ACLMRKIY.tif
ADI-ACRMAWVM.tif
ADI-ACYREDHG.tif
ADI-ADIQWRRI.tif
ADI-ADKEDHLH.tif
ADI-ADTCIQPN.tif
ADI-ADWCQERF.tif
ADI-AEQEVCDL.tif
ADI-AFANQTII.tif
ADI-AFICLLIS.tif
ADI-AFSKRECT.tif
ADI-AFWPDFYK.tif
ADI-AGGSTMYW.tif
ADI-AGLYIEQY.tif
ADI-AGPWCMDR.tif
ADI-AGRAKDHA.tif
ADI-AGRMVRVD.tif
ADI-AHCYGYHN.tif
ADI-AHQKRRAS.tif
ADI-AIANYMTY.tif
ADI-AIGDCMLA.tif
ADI-AILPHQWH.tif
ADI-AIMLNKTE.tif
ADI-AINRMIRF.tif
ADI-AKASDYYE.tif
ADI-AKASWKKK.tif
ADI-AKATWVWH.tif
ADI-AKCKPESF.tif
ADI-AKEGGDEV.tif
ADI-ALENWHRY.tif
ADI-ALFKCEVD.tif
ADI-ALHCCVML.tif
ADI-ALIEALNQ.tif
ADI-ALYEEVFP.tif
ADI-AMATSGDS.tif
ADI-AMQCSVNT.tif
ADI-AMTSAFMA.tif
ADI-ANPGKNEC.tif
ADI-ANQRALID.tif
ADI-ANWEHWID.tif
ADI-APAGSLYA.tif
ADI-APIQLHIM.tif
ADI-APNNYNKA.tif
ADI-APTVPTSQ.tif
ADI-APYLAFVQ.tif
ADI-AQEHQHQA.tif
ADI-AQWVCKAF.tif
ADI-ARCFQVSP.tif
ADI-ASHKMMCR.tif
ADI-ATDPQAMA.tif
ADI-AVEIIFSN.tif
ADI-AVFKWVFC.tif
ADI-AVWQPDKD.tif
ADI-AWAKACVE.tif
ADI-AWCGSWVT.tif
ADI-AWFDSMED.tif
ADI-AWKSIKGL.tif
ADI-AWKSKECG.tif
ADI-AWPRGKDT.tif
ADI-AYCCKGNR.tif
ADI-AYMTFDQI.tif
ADI-AYNSHSMS.tif
ADI-AYRKPVRD.tif
ADI-CACQPCMP.tif
ADI-CAEYVVAC.tif
ADI-CAHSRDTV.tif
ADI-CALFKVSN.tif
ADI-CAWCPWLI.tif
ADI-CCDCLVFD.tif
ADI-CCKSQSKI.tif
ADI-CCLERPWC.tif
ADI-CCMPTEYL.tif
ADI-CCQFGTTC.tif
ADI-CCSWFMTN.tif
ADI-CCVIQKQI.tif
ADI-CDHSDVFL.tif
ADI-CDKKDNER.tif
ADI-CDMYQISD.tif
ADI-CDSTPPVY.tif
ADI-CDVFLWHA.tif
ADI-CDYGFMAV.tif
ADI-CDYGTRMY.tif
ADI-CDYVVGKL.tif
ADI-CEICMFCT.tif
ADI-CELWEGVR.tif
ADI-CEPTETDD.tif
ADI-CETEHHII.tif
ADI-CETGFSCF.tif
ADI-CEWYLENA.tif
ADI-CFKQVSAE.tif
ADI-CFMWPALG.tif
ADI-CFYLMYEG.tif
ADI-CGHRQRTE.tif
ADI-CGMRLCWI.tif
ADI-CGREHILK.tif
ADI-CGTHKSKQ.tif
ADI-CGTPRLFP.tif
ADI-CGWGDKDW.tif
ADI-CHDDKRSC.tif
ADI-CHEEACAH.tif
ADI-CHIKMVKS.tif
ADI-CHPVRDCA.tif
ADI-CHRSEWYH.tif
ADI-CHSIGTGW.tif
ADI-CHYEENID.tif
ADI-CHYGLPEH.tif
ADI-CICVRWNY.tif
ADI-CICWPVVI.tif
ADI-CIKVLPDE.tif
ADI-CISGPKIC.tif
ADI-CKESDYQR.tif
ADI-CKLDPGDK.tif
ADI-CKPTAAIK.tif
ADI-CLFSIQPL.tif
ADI-CLKEPINP.tif
ADI-CLLCEYMI.tif
ADI-CLWFKDVF.tif
ADI-CMCMKIPP.tif
ADI-CMGKGKTR.tif
ADI-CMKIKQCQ.tif
ADI-CMMWPNWL.tif
ADI-CMYAHKYY.tif
ADI-CNFDCTRG.tif
ADI-CNGQLNSK.tif
ADI-CNPDEFYS.tif
ADI-CNYSFMDD.tif
ADI-CPDIMRYT.tif
ADI-CPECVCNF.tif
ADI-CPMQFNSA.tif
ADI-CPVQHSYE.tif
ADI-CQHNSNHS.tif
ADI-CQHWNLMD.tif
ADI-CQQFVWMY.tif
ADI-CSLAVTIW.tif
ADI-CSMHRLDY.tif
ADI-CSTMSRNK.tif
ADI-CTEEYEPM.tif
ADI-CTENKSDF.tif
ADI-CTPVRFTM.tif
ADI-CTTFMSWR.tif
ADI-CTWFGPKH.tif
ADI-CVQCMMAW.tif
ADI-CWCHVHDQ.tif
ADI-CWFWCGWY.tif
ADI-CWNDITVP.tif
ADI-CYGWPHDM.tif
ADI-CYPANYHL.tif
ADI-CYSPSGDF.tif
ADI-CYSSQWFA.tif
ADI-CYVYLWLR.tif
ADI-DAGLYVCV.tif
ADI-DAGYVLDA.tif
ADI-DAKFSTQW.tif
ADI-DALSIYPY.tif
ADI-DAMVCNPE.tif
ADI-DCHSQNSY.tif
ADI-DDFSLMIN.tif
ADI-DDMKYRGT.tif
ADI-DDQPYGMN.tif
ADI-DDYEILNV.tif
ADI-DDYWTYSL.tif
ADI-DEAHVTCL.tif
ADI-DEFEDWRH.tif
ADI-DEFFQYPM.tif
ADI-DEQERYMV.tif
ADI-DEYMIQMK.tif
ADI-DGPALICP.tif
ADI-DGRWSPWL.tif
ADI-DHDGRQMF.tif
ADI-DHGQYNSL.tif
ADI-DHPCWEKR.tif
ADI-DHPEMRPW.tif
ADI-DHSVDAHQ.tif
ADI-DIDKLEYF.tif
ADI-DIHICAVN.tif
ADI-DIVRILAP.tif
ADI-DKAYNMWQ.tif
ADI-DKTYMWAK.tif
ADI-DLCMEMNW.tif
ADI-DLFIVDYM.tif
ADI-DLIQGCPH.tif
ADI-DLNNPQCV.tif
ADI-DMNWCMDY.tif
ADI-DMPTAGPD.tif
ADI-DMPTNGNN.tif
ADI-DNCKEMLH.tif
ADI-DNKRFCLW.tif
ADI-DNLLHIIW.tif
ADI-DNSGHDLH.tif
ADI-DNWNDLGK.tif
ADI-DPRDQHGD.tif
ADI-DPSTWHFA.tif
ADI-DPSYQSWN.tif
ADI-DQNAKRYF.tif
ADI-DQNNMQII.tif
ADI-DQNVQSEI.tif
ADI-DQQNLWPE.tif
ADI-DQQPWFEN.tif
ADI-DQVDIHHN.tif
ADI-DRRYEKYF.tif
ADI-DRTAYSRG.tif
ADI-DSFSDWKF.tif
ADI-DSNAQYMM.tif
ADI-DSSEHCCG.tif
ADI-DSYHFYGR.tif
ADI-DTDKCAYC.tif
ADI-DTKEPFNV.tif
ADI-DTNIMFHW.tif
ADI-DVFDMSRE.tif
ADI-DWEYEETI.tif
ADI-DWHQPRLD.tif
ADI-DWIYRDEA.tif
ADI-DWWLEICT.tif
ADI-DYACYVFD.tif
ADI-DYRYHVLD.tif
ADI-DYTPWINM.tif
ADI-EADRIWLI.tif
ADI-EAEDSGVM.tif
ADI-EAFPVEEG.tif
ADI-EAQRFVPG.tif
ADI-EARHMFNN.tif
ADI-EATASCQQ.tif
ADI-EAVSHNTP.tif
ADI-ECAYCPEV.tif
ADI-EDNIQVTC.tif
ADI-EELFIWAH.tif
ADI-EETSTFRM.tif
ADI-EEYCPTDE.tif
ADI-EFMWNVMC.tif
ADI-EFSCFRTH.tif
ADI-EFVEAPYH.tif
ADI-EGFHKSYH.tif
ADI-EGHIRGFD.tif
ADI-EGHMEDTQ.tif
ADI-EGIYFPAM.tif
ADI-EGYWTQPG.tif
ADI-EHLWPTKE.tif
ADI-EIAFTCST.tif
ADI-EIPAECLQ.tif
ADI-EKERDKND.tif
ADI-EKHTEHPW.tif
ADI-EKLVFVDE.tif
ADI-EKPDLWEI.tif
ADI-EKPGAFHR.tif
ADI-ELTQCNSL.tif
ADI-ELWINSPQ.tif
ADI-ENAAMHFE.tif
ADI-ENGSGYNI.tif
ADI-ENKLVSDE.tif
ADI-ENMHHSAA.tif
ADI-ENPQMLVR.tif
ADI-EPARCCVN.tif
ADI-EPCNVVVG.tif
ADI-EQDPFPKR.tif
ADI-EQFTHLDN.tif
ADI-EQHLENPW.tif
ADI-EQIDRKYW.tif
ADI-EQQWFLLC.tif
ADI-ERIYNTWK.tif
ADI-ERMPGNER.tif
ADI-ESHMNNGC.tif
ADI-ESRNYCRD.tif
ADI-ESRYICCL.tif
ADI-ESSCTWST.tif
ADI-ESSRMCMR.tif
ADI-ESTSDFPT.tif
ADI-ETCNQPKW.tif
ADI-ETLERVFL.tif
ADI-ETNRMGRE.tif
ADI-EVPQITCG.tif
ADI-EWCQNKRQ.tif
ADI-EWDIWDTM.tif
ADI-EWLEDKQY.tif
ADI-EWPWWEYY.tif
ADI-EWQLSPTC.tif
ADI-EWSSQPHM.tif
ADI-EWTDPYKT.tif
ADI-EWYFHQSK.tif
ADI-EYLEIRYY.tif
ADI-EYQFADQM.tif
ADI-FAHQVVPL.tif
ADI-FAKDVWSR.tif
ADI-FALATWVG.tif
ADI-FANKSSSM.tif
ADI-FANSVASA.tif
ADI-FAPRLIEH.tif
ADI-FCEEWSIT.tif
ADI-FCGFGPWE.tif
ADI-FCNLSTPH.tif
ADI-FCSKCFWF.tif
ADI-FCVGEYEC.tif
ADI-FDAFLIFV.tif
ADI-FDAGSGHM.tif
ADI-FDETCDVW.tif
ADI-FDFLNSMY.tif
ADI-FDIQPTDK.tif
ADI-FDMAAARE.tif
ADI-FDRDIDIC.tif
ADI-FECRHFVP.tif
ADI-FEWTVAGW.tif
ADI-FFCCVQCK.tif
ADI-FFFVVFGT.tif
ADI-FFHRMRNM.tif
ADI-FFLEVYAP.tif
ADI-FGSCCHIM.tif
ADI-FHHWIEPS.tif
ADI-FHMYRKIG.tif
ADI-FHPAYIVW.tif
ADI-FHPCAFTP.tif
ADI-FHQLFCPC.tif
ADI-FHTHRFPE.tif
ADI-FIEAHEIL.tif
ADI-FIFDNNFI.tif
ADI-FIIQIYNA.tif
ADI-FIQSNIRE.tif
ADI-FITAWVIL.tif
ADI-FKCQWTSS.tif
ADI-FKNNCQAD.tif
ADI-FLANLYIH.tif
ADI-FLDWFWQI.tif
ADI-FLLMDHMC.tif
ADI-FLPLDHTQ.tif
ADI-FLVFNPKH.tif
ADI-FMDLTDNR.tif
ADI-FMYGCKHA.tif
ADI-FNASPYPQ.tif
ADI-FNMWGNNN.tif
ADI-FNSIPMVE.tif
ADI-FNVACKTT.tif
ADI-FNWLQQPY.tif
ADI-FNWYGDDM.tif
ADI-FNYYAKKD.tif
ADI-FPSSQIND.tif
ADI-FQMAAANN.tif
ADI-FQTMMRYS.tif
ADI-FQYMTDTH.tif
ADI-FRAVFLLQ.tif
ADI-FRWSREKN.tif
ADI-FRWTILYH.tif
ADI-FTFIATKN.tif
ADI-FTPFMFVC.tif
ADI-FTPTMITG.tif
ADI-FTYNRTVW.tif
ADI-FVCRDDPC.tif
ADI-FVEHNGRK.tif
ADI-FYCYSIKE.tif
ADI-FYFMKRGG.tif
ADI-FYPVWSYN.tif
ADI-FYVWDEWF.tif
ADI-GAGSWMLM.tif
ADI-GALINTAC.tif
ADI-GATYTVQM.tif
ADI-GCCWNIRR.tif
ADI-GCLYFIIQ.tif
ADI-GCRLIAQS.tif
ADI-GDATRFQT.tif
ADI-GDSHSAGK.tif
ADI-GEDNWVIH.tif
ADI-GEFHDACE.tif
ADI-GETQRIYG.tif
ADI-GFDEAWGH.tif
ADI-GFIMTHLD.tif
ADI-GFTLYWSW.tif
ADI-GGCELACT.tif
ADI-GGDTNIWA.tif
ADI-GGHDVMLC.tif
ADI-GGPESACM.tif
ADI-GHCWKLEY.tif
ADI-GHDVSQYD.tif
ADI-GHKCEWYE.tif
ADI-GHPCPIMF.tif
ADI-GIGGGVVT.tif
ADI-GKCMGMFL.tif
ADI-GKISVWNM.tif
ADI-GLHQTALD.tif
ADI-GLISNDCE.tif
ADI-GMDWSFKY.tif
ADI-GMDYAKVA.tif
ADI-GNNDPFRG.tif
ADI-GNTEIRQE.tif
ADI-GNVNRTQG.tif
ADI-GPKSWRSP.tif
ADI-GQRKALAS.tif
ADI-GRCMQVVP.tif
ADI-GRIRARYR.tif
ADI-GRKYDQDM.tif
ADI-GRPDCMYE.tif
ADI-GRQEKHIN.tif
ADI-GRSITWER.tif
ADI-GSARRMWQ.tif
ADI-GSGCQMCR.tif
